

Microchip Technology PIC18 LITE Macro Assembler V1.45 build -152302408 
                                                                                               Mon Jun 17 21:56:00 2019

Microchip Technology Omniscient Code Generator v1.45 (Free mode) build 201711160504
     1                           	processor	18F46K40
     2                           	fnconf	rparam,??,?,0
     3                           	opt	pw 120
     4                           	opt	lm
     5                           	psect	cinit,global,reloc=2,class=CODE,delta=1
     6                           	psect	bssCOMRAM,global,class=COMRAM,space=1,delta=1,noexec
     7                           	psect	cstackCOMRAM,global,class=COMRAM,space=1,delta=1,noexec
     8                           	psect	text0,global,reloc=2,class=CODE,delta=1
     9                           	psect	intsave_regs,global,class=BIGRAM,space=1,delta=1,noexec
    10                           	psect	rparam,global,class=COMRAM,space=1,delta=1,noexec
    11  0000                     
    12                           ; Version 1.45
    13                           ; Generated 16/11/2017 GMT
    14                           ; 
    15                           ; Copyright © 2017, Microchip Technology Inc. and its subsidiaries ("Microchip")
    16                           ; All rights reserved.
    17                           ; 
    18                           ; This software is developed by Microchip Technology Inc. and its subsidiaries ("Microch
      +                          ip").
    19                           ; 
    20                           ; Redistribution and use in source and binary forms, with or without modification, are
    21                           ; permitted provided that the following conditions are met:
    22                           ; 
    23                           ;     1. Redistributions of source code must retain the above copyright notice, this lis
      +                          t of
    24                           ;        conditions and the following disclaimer.
    25                           ; 
    26                           ;     2. Redistributions in binary form must reproduce the above copyright notice, this 
      +                          list
    27                           ;        of conditions and the following disclaimer in the documentation and/or other
    28                           ;        materials provided with the distribution.
    29                           ; 
    30                           ;     3. Microchip's name may not be used to endorse or promote products derived from th
      +                          is
    31                           ;        software without specific prior written permission.
    32                           ; 
    33                           ; THIS SOFTWARE IS PROVIDED BY MICROCHIP "AS IS" AND ANY EXPRESS OR IMPLIED WARRANTIES,
    34                           ; INCLUDING, BUT NOT LIMITED TO, THE IMPLIED WARRANTIES OF MERCHANTABILITY AND FITNESS F
      +                          OR
    35                           ; PURPOSE ARE DISCLAIMED.  IN NO EVENT SHALL MICROCHIP BE LIABLE FOR ANY DIRECT, INDIREC
      +                          T,
    36                           ; INCIDENTAL, SPECIAL, EXEMPLARY, OR CONSEQUENTIAL DAMAGES (INCLUDING BUT NOT LIMITED TO
    37                           ; PROCUREMENT OF SUBSTITUTE GOODS OR SERVICES; LOSS OF USE, DATA OR PROFITS; OR BUSINESS
    38                           ; INTERRUPTION) HOWSOEVER CAUSED AND ON ANY THEORY OF LIABILITY, WHETHER IN CONTRACT, ST
      +                          RICT
    39                           ; LIABILITY, OR TORT (INCLUDING NEGLIGENCE OR OTHERWISE) ARISING IN ANY WAY OUT OF THE U
      +                          SE OF
    40                           ; THIS SOFTWARE, EVEN IF ADVISED OF THE POSSIBILITY OF SUCH DAMAGE.
    41                           ; 
    42                           ; 
    43                           ; Code-generator required, PIC18F46K40 Definitions
    44                           ; 
    45                           ; SFR Addresses
    46  0000                     _INTCONbits	set	4082
    47                           
    48                           ; #config settings
    49                           
    50                           	psect	cinit
    51  0000'                    __pcinit:
    52                           	opt stack 0
    53  0000'                    start_initialization:
    54                           	opt stack 0
    55  0000'                    __initialization:
    56                           	opt stack 0
    57                           
    58                           ; Clear objects allocated to COMRAM (4 bytes)
    59  0000' 6A00'              	clrf	(__pbssCOMRAM+3)& (0+255),c
    60  0002' 6A00'              	clrf	(__pbssCOMRAM+2)& (0+255),c
    61  0004' 6A00'              	clrf	(__pbssCOMRAM+1)& (0+255),c
    62  0006' 6A00'              	clrf	__pbssCOMRAM& (0+255),c
    63  0008'                    end_of_initialization:
    64                           	opt stack 0
    65  0008'                    __end_of__initialization:
    66                           	opt stack 0
    67  0008' 0E00'              	movlw	low (__Lmediumconst shr (0+16))
    68  000A' 6EF8               	movwf	tblptru,c
    69  000C' 0100               	movlb	0
    70  000E' EF00' F000'        	goto	_main	;jump to C main() function
    71                           tblptru	equ	0xFF8
    72                           
    73                           	psect	bssCOMRAM
    74  0000'                    __pbssCOMRAM:
    75                           	opt stack 0
    76  0000'                    _i2c1_driver_i2cISR:
    77                           	opt stack 0
    78  0000'                    	ds	2
    79  0002'                    _i2c1_driver_busCollisionISR:
    80                           	opt stack 0
    81  0002'                    	ds	2
    82                           tblptru	equ	0xFF8
    83                           
    84                           	psect	cstackCOMRAM
    85  0000'                    __pcstackCOMRAM:
    86                           	opt stack 0
    87  0000'                    tblptru	equ	0xFF8
    88                           
    89                           ; 1 bytes @ 0x0
    90 ;;
    91 ;;Main: autosize = 0, tempsize = 0, incstack = 0, save=0
    92 ;;
    93 ;; *************** function _main *****************
    94 ;; Defined at:
    95 ;;		line 13 in file "main.c"
    96 ;; Parameters:    Size  Location     Type
    97 ;;		None
    98 ;; Auto vars:     Size  Location     Type
    99 ;;		None
   100 ;; Return value:  Size  Location     Type
   101 ;;                  1    wreg      void 
   102 ;; Registers used:
   103 ;;		wreg, fsr0l, fsr0h, fsr1l, fsr1h, fsr1l, fsr1h, fsr2l, fsr2h, status,2, status,0, pclath, btemp, btemp+1, btemp+2, b
      +temp+3, btemp+4, btemp+5, btemp+6, btemp+7, btemp+8, btemp+9, btemp+10, btemp+11, tosl, structret, tblptrl, tblptrh, tbl
      +ptru, prodl, prodh, bsr, cstack
   104 ;; Tracked objects:
   105 ;;		On entry : 0/0
   106 ;;		On exit  : 0/0
   107 ;;		Unchanged: 0/0
   108 ;; Data sizes:     COMRAM   BANK0   BANK1   BANK2   BANK3   BANK4   BANK5   BANK6   BANK7   BANK8   BANK9  BANK10  BANK1
      +1  BANK12  BANK13  BANK14
   109 ;;      Params:         0       0       0       0       0       0       0       0       0       0       0       0       
      +0       0       0       0
   110 ;;      Locals:         0       0       0       0       0       0       0       0       0       0       0       0       
      +0       0       0       0
   111 ;;      Temps:          0       0       0       0       0       0       0       0       0       0       0       0       
      +0       0       0       0
   112 ;;      Totals:         0       0       0       0       0       0       0       0       0       0       0       0       
      +0       0       0       0
   113 ;;Total ram usage:        0 bytes
   114 ;; Hardware stack levels required when called:    1
   115 ;; This function calls:
   116 ;;		_SYSTEM_Initialize
   117 ;; This function is called by:
   118 ;;		Startup code after reset
   119 ;; This function uses a non-reentrant model
   120 ;;
   121                           
   122                           	psect	text0
   123  0000'                    __ptext0:
   124                           	opt stack 0
   125  0000'                    _main:
   126                           	opt stack 30
   127                           
   128                           ;main.c: 16: SYSTEM_Initialize();
   129                           
   130                           ;incstack = 0
   131  0000' EC00' F000'        	call	_SYSTEM_Initialize	;wreg free
   132                           
   133                           ;main.c: 27: (INTCONbits.GIE = 1);
   134  0004' 8EF2               	bsf	intcon,7,c	;volatile
   135                           
   136                           ;main.c: 30: (INTCONbits.GIE = 0);
   137  0006' 9EF2               	bcf	intcon,7,c	;volatile
   138  0008'                    l13:
   139                           
   140                           ;main.c: 39: {
   141  0008' D7FF               	goto	l13
   142  000A'                    __end_of_main:
   143                           	opt stack 0
   144  0000                     tblptru	equ	0xFF8
   145                           intcon	equ	0xFF2
   146                           tblptru	equ	0xFF8
   147                           intcon	equ	0xFF2
   148                           
   149                           	psect	rparam
   150  0000                     tblptru	equ	0xFF8
   151                           intcon	equ	0xFF2


Data Sizes:
    Strings     0
    Constant    0
    Data        0
    BSS         4
    Persistent  0
    Stack       0

Auto Spaces:
    Space          Size  Autos    Used
    COMRAM           95      0       4
    BANK0           160      0       0
    BANK1           256      0       0
    BANK2           256      0       0
    BANK3           256      0       0
    BANK4           256      0       0
    BANK5           256      0       0
    BANK6           256      0       0
    BANK7           256      0       0
    BANK8           256      0       0
    BANK9           256      0       0
    BANK10          256      0       0
    BANK11          256      0       0
    BANK12          256      0       0
    BANK13          256      0       0
    BANK14          136      0       0

Pointer List with Targets:

    i2c1_driver_i2cISR	PTR FTN()void  size(2) Largest target is 1
		 -> Absolute function(), 

    i2c1_driver_busCollisionISR	PTR FTN()void  size(2) Largest target is 1
		 -> Absolute function(), 


Critical Paths under _main in COMRAM

    None.

Critical Paths under _main in BANK0

    None.

Critical Paths under _main in BANK1

    None.

Critical Paths under _main in BANK2

    None.

Critical Paths under _main in BANK3

    None.

Critical Paths under _main in BANK4

    None.

Critical Paths under _main in BANK5

    None.

Critical Paths under _main in BANK6

    None.

Critical Paths under _main in BANK7

    None.

Critical Paths under _main in BANK8

    None.

Critical Paths under _main in BANK9

    None.

Critical Paths under _main in BANK10

    None.

Critical Paths under _main in BANK11

    None.

Critical Paths under _main in BANK12

    None.

Critical Paths under _main in BANK13

    None.

Critical Paths under _main in BANK14

    None.

Call Graph Tables:

 ---------------------------------------------------------------------------------
 (Depth) Function   	        Calls       Base Space   Used Autos Params    Refs
 ---------------------------------------------------------------------------------
 (0) _main                                                 0     0      0       0
                  _SYSTEM_Initialize
 ---------------------------------------------------------------------------------
 (1) _SYSTEM_Initialize                                    0     0      0       0
 ---------------------------------------------------------------------------------
 Estimated maximum stack depth 1
 ---------------------------------------------------------------------------------

 Call Graph Graphs:

 _main (ROOT)
   _SYSTEM_Initialize

 Address spaces:
Name               Size   Autos  Total    Cost      Usage
BIGRAM             E87      0       0      35        0.0%
EEDATA             400      0       0       0        0.0%
BITBANK13          100      0       0      31        0.0%
BANK13             100      0       0      32        0.0%
BITBANK12          100      0       0      29        0.0%
BANK12             100      0       0      30        0.0%
BITBANK11          100      0       0      27        0.0%
BANK11             100      0       0      28        0.0%
BITBANK10          100      0       0      25        0.0%
BANK10             100      0       0      26        0.0%
BITBANK9           100      0       0      23        0.0%
BANK9              100      0       0      24        0.0%
BITBANK8           100      0       0      21        0.0%
BANK8              100      0       0      22        0.0%
BITBANK7           100      0       0      19        0.0%
BANK7              100      0       0      20        0.0%
BITBANK6           100      0       0      17        0.0%
BANK6              100      0       0      18        0.0%
BITBANK5           100      0       0      15        0.0%
BANK5              100      0       0      16        0.0%
BITBANK4           100      0       0      13        0.0%
BANK4              100      0       0      14        0.0%
BITBANK3           100      0       0      11        0.0%
BANK3              100      0       0      12        0.0%
BITBANK2           100      0       0       9        0.0%
BANK2              100      0       0      10        0.0%
BITBANK1           100      0       0       7        0.0%
BANK1              100      0       0       8        0.0%
BITBANK0            A0      0       0       4        0.0%
BANK0               A0      0       0       5        0.0%
BITBANK14           88      0       0      33        0.0%
BANK14              88      0       0      34        0.0%
BITCOMRAM           5F      0       0       0        0.0%
COMRAM              5F      0       4       1        4.2%
BITSFR_2             0      0       0     200        0.0%
SFR_2                0      0       0     200        0.0%
BITSFR_1             0      0       0     200        0.0%
SFR_1                0      0       0     200        0.0%
BITSFR               0      0       0     200        0.0%
SFR                  0      0       0     200        0.0%
STACK                0      0       0       2        0.0%
NULL                 0      0       0       0        0.0%
ABS                  0      0       4       6        0.0%
DATA                 0      0       4       3        0.0%
CODE                 0      0       0       0        0.0%


Microchip Technology PIC18 Macro Assembler V1.45 build -152302408 
Symbol Table                                                                                   Mon Jun 17 21:56:00 2019

                         l13 000008                         _main 000000                         start 000000* 
               ___param_bank 000000                        ?_main 000000              __initialization 000000  
               __end_of_main 00000A                       ??_main 000000                __activetblptr 000002  
                     tblptru 000FF8            _SYSTEM_Initialize 000000*                  __accesstop 000000* 
    __end_of__initialization 000008           ?_SYSTEM_Initialize 000000                ___rparam_used 000001  
             __pcstackCOMRAM 000000          ??_SYSTEM_Initialize 000000           _i2c1_driver_i2cISR 000000  
                    __Hparam 000000                      __Lparam 000000                      __pcinit 000000  
                    __ramtop 000000*                     __ptext0 000000         end_of_initialization 000008  
              __Lmediumconst 000000*         start_initialization 000000                  __pbssCOMRAM 000000  
_i2c1_driver_busCollisionISR 000002                     __Hrparam 000000*                    __Lrparam 000000* 
              __size_of_main 000000                   _INTCONbits 000FF2  
